PLINK v2.00a4LM 64-bit Intel (29 Mar 2023)
Options in effect:
  --bfile Group14_subset
  --glm allow-no-covars
  --out GWAS_result/Group14
  --pheno ukb_clean.tsv

Hostname: c7.private
Working directory: /net/bmc-lab5/data/kellis/users/lucytian/ukbb
Start time: Sat May  6 03:58:54 2023

Random number seed: 1683359934
128932 MiB RAM detected, ~123032 available; reserving 64466 MiB for main
workspace.
Using up to 16 threads (change this with --threads).
601 samples (295 females, 305 males, 1 ambiguous; 601 founders) loaded from
Group14_subset.fam.
251667 variants loaded from Group14_subset.bim.
249 quantitative phenotypes loaded.
Calculating allele frequencies... done.
--glm linear regression on quantitative phenotypes #1-240: done.
--glm linear regression on quantitative phenotypes #241-249: done.
Results written to GWAS_result/Group14.<phenotype name>.glm.linear .

End time: Sat May  6 03:59:16 2023
