PLINK v2.00a4LM 64-bit Intel (29 Mar 2023)
Options in effect:
  --bfile Group1_subset
  --glm allow-no-covars
  --out GWAS_result/Group1
  --pheno ukb_clean.tsv

Hostname: c7.private
Working directory: /net/bmc-lab5/data/kellis/users/lucytian/ukbb
Start time: Sat May  6 04:14:32 2023

Random number seed: 1683360872
128932 MiB RAM detected, ~123028 available; reserving 64466 MiB for main
workspace.
Using up to 16 threads (change this with --threads).
601 samples (295 females, 305 males, 1 ambiguous; 601 founders) loaded from
Group1_subset.fam.
560212 variants loaded from Group1_subset.bim.
249 quantitative phenotypes loaded.
Calculating allele frequencies... done.
--glm linear regression on quantitative phenotypes #1-240: done.
--glm linear regression on quantitative phenotypes #241-249: done.
Results written to GWAS_result/Group1.<phenotype name>.glm.linear .

End time: Sat May  6 04:15:18 2023
